<?xml version="1.0" encoding="UTF-8"?>
<!-- Generated by org.testng.reporters.JUnitReportReporter -->
<testsuite skipped="0" hostname="MittalComputer" name="MyRunner.TestRunner" tests="1" failures="0" timestamp="01 Oct 2020 22:11:44 GMT" time="12.592" errors="0">
  <testcase name="feature" time="12.592" classname="MyRunner.TestRunner"/>
</testsuite> <!-- MyRunner.TestRunner -->
