<?xml version="1.0" encoding="UTF-8"?>
<!-- Generated by org.testng.reporters.JUnitReportReporter -->
<testsuite skipped="0" hostname="MittalComputer" name="com.tests.LoginTest" tests="1" failures="0" timestamp="01 Oct 2020 22:14:56 GMT" time="7.855" errors="0">
  <testcase name="freeCrmTitleTest" time="7.855" classname="com.tests.LoginTest"/>
</testsuite> <!-- com.tests.LoginTest -->
