<?xml version="1.0" encoding="UTF-8"?>
<!-- Generated by org.testng.reporters.JUnitReportReporter -->
<testsuite hostname="MittalComputer" failures="0" tests="1" name="MyRunner.TestRunner" time="13.463" errors="0" timestamp="01 Oct 2020 22:13:02 GMT" skipped="0">
  <testcase classname="MyRunner.TestRunner" name="feature" time="13.463"/>
</testsuite> <!-- MyRunner.TestRunner -->
